<?xml version="1.0" encoding="UTF-8"?>
<!-- Generated by org.testng.reporters.JUnitReportReporter -->
<testsuite hostname="LTIN280286" failures="0" tests="6" name="testcases.TC002_Language_Learning" time="29.219" errors="0" timestamp="2024-02-29T18:05:09 IST" skipped="0">
  <testcase classname="testcases.TC002_Language_Learning" name="ShowMorelinkVerification" time="0.259"/>
  <testcase classname="testcases.TC002_Language_Learning" name="LanguageVerification" time="4.440"/>
  <testcase classname="testcases.TC002_Language_Learning" name="CloselinkVerification" time="0.152"/>
  <testcase classname="testcases.TC002_Language_Learning" name="LevelCountVerification" time="3.322"/>
  <testcase classname="testcases.TC002_Language_Learning" name="ClickCourseraVerification" time="7.317"/>
  <testcase classname="testcases.TC002_Language_Learning" name="forEnterpriseVerification" time="13.729"/>
</testsuite> <!-- testcases.TC002_Language_Learning -->
