<?xml version="1.0" encoding="UTF-8"?>
<!-- Generated by org.testng.reporters.JUnitReportReporter -->
<testsuite hostname="LTIN280286" failures="0" tests="4" name="testcases.TC001_Home_Page" time="40.858" errors="0" timestamp="2024-02-29T18:05:09 IST" skipped="0">
  <testcase classname="testcases.TC001_Home_Page" name="homePageVerification" time="11.259"/>
  <testcase classname="testcases.TC001_Home_Page" name="WebDevelopmentPageVerification" time="3.613"/>
  <testcase classname="testcases.TC001_Home_Page" name="coursesVerification" time="23.205"/>
  <testcase classname="testcases.TC001_Home_Page" name="SecondsearchboxVerification" time="2.781"/>
</testsuite> <!-- testcases.TC001_Home_Page -->
