<?xml version="1.0" encoding="UTF-8"?>
<!-- Generated by org.testng.reporters.JUnitReportReporter -->
<testsuite hostname="LTIN280286" failures="0" tests="14" name="testcases.TC003_Form_Page" time="20.121" errors="0" timestamp="2024-02-29T18:05:09 IST" skipped="0">
  <testcase classname="testcases.TC003_Form_Page" name="FormValidation" time="0.639"/>
  <testcase classname="testcases.TC003_Form_Page" name="ClickProductVerification" time="4.169"/>
  <testcase classname="testcases.TC003_Form_Page" name="learnMoreVerification" time="10.047"/>
  <testcase classname="testcases.TC003_Form_Page" name="VerificationName" time="0.936"/>
  <testcase classname="testcases.TC003_Form_Page" name="emailVerification" time="0.350"/>
  <testcase classname="testcases.TC003_Form_Page" name="phnoVerification" time="0.367"/>
  <testcase classname="testcases.TC003_Form_Page" name="institutionVerification" time="1.205"/>
  <testcase classname="testcases.TC003_Form_Page" name="jobRoleVerification" time="0.253"/>
  <testcase classname="testcases.TC003_Form_Page" name="deptVerification" time="0.471"/>
  <testcase classname="testcases.TC003_Form_Page" name="bDescVerification" time="0.515"/>
  <testcase classname="testcases.TC003_Form_Page" name="ctryVerification" time="0.430"/>
  <testcase classname="testcases.TC003_Form_Page" name="stateVerification" time="0.365"/>
  <testcase classname="testcases.TC003_Form_Page" name="subButtonVerification" time="0.232"/>
  <testcase classname="testcases.TC003_Form_Page" name="captureMessageVerification" time="0.142"/>
</testsuite> <!-- testcases.TC003_Form_Page -->
